<?xml version="1.0" encoding="UTF-8"?>
<testng-results ignored="0" total="13" passed="11" failed="1" skipped="1">
  <reporter-output>
  </reporter-output>
  <suite started-at="2022-08-18T14:27:35 IST" name="Default suite" finished-at="2022-08-18T14:39:30 IST" duration-ms="715586">
    <groups>
    </groups>
    <test started-at="2022-08-18T14:27:35 IST" name="Default test" finished-at="2022-08-18T14:39:30 IST" duration-ms="715586">
      <class name="com.TestCases.FramePage_Test">
        <test-method is-config="true" signature="setUp()[pri:0, instance:com.TestCases.FramePage_Test@4c402120]" started-at="2022-08-18T14:36:59 IST" name="setUp" finished-at="2022-08-18T14:37:19 IST" duration-ms="19568" status="PASS">
          <reporter-output>
          </reporter-output>
        </test-method> <!-- setUp -->
        <test-method signature="FramePage_Test2()[pri:2, instance:com.TestCases.FramePage_Test@4c402120]" started-at="2022-08-18T14:37:19 IST" name="FramePage_Test2" finished-at="2022-08-18T14:37:34 IST" duration-ms="14983" status="PASS">
          <reporter-output>
          </reporter-output>
        </test-method> <!-- FramePage_Test2 -->
        <test-method is-config="true" signature="fClose()[pri:0, instance:com.TestCases.FramePage_Test@4c402120]" started-at="2022-08-18T14:37:34 IST" name="fClose" finished-at="2022-08-18T14:37:35 IST" duration-ms="654" status="PASS">
          <reporter-output>
          </reporter-output>
        </test-method> <!-- fClose -->
      </class> <!-- com.TestCases.FramePage_Test -->
      <class name="com.TestCases.AlertPage_Test">
        <test-method is-config="true" signature="setUp()[pri:0, instance:com.TestCases.AlertPage_Test@65fb9ffc]" started-at="2022-08-18T14:27:35 IST" name="setUp" finished-at="2022-08-18T14:28:33 IST" duration-ms="57891" status="PASS">
          <reporter-output>
          </reporter-output>
        </test-method> <!-- setUp -->
        <test-method signature="AlertTest_1()[pri:1, instance:com.TestCases.AlertPage_Test@65fb9ffc]" started-at="2022-08-18T14:28:33 IST" name="AlertTest_1" finished-at="2022-08-18T14:28:33 IST" duration-ms="307" status="PASS">
          <reporter-output>
          </reporter-output>
        </test-method> <!-- AlertTest_1 -->
        <test-method is-config="true" signature="aClose()[pri:0, instance:com.TestCases.AlertPage_Test@65fb9ffc]" started-at="2022-08-18T14:28:33 IST" name="aClose" finished-at="2022-08-18T14:28:34 IST" duration-ms="706" status="PASS">
          <reporter-output>
          </reporter-output>
        </test-method> <!-- aClose -->
        <test-method is-config="true" signature="setUp()[pri:0, instance:com.TestCases.AlertPage_Test@65fb9ffc]" started-at="2022-08-18T14:28:34 IST" name="setUp" finished-at="2022-08-18T14:29:07 IST" duration-ms="33378" status="PASS">
          <reporter-output>
          </reporter-output>
        </test-method> <!-- setUp -->
        <test-method signature="AlertTest_2()[pri:2, instance:com.TestCases.AlertPage_Test@65fb9ffc]" started-at="2022-08-18T14:29:07 IST" name="AlertTest_2" finished-at="2022-08-18T14:29:40 IST" duration-ms="33190" status="PASS">
          <reporter-output>
          </reporter-output>
        </test-method> <!-- AlertTest_2 -->
        <test-method is-config="true" signature="aClose()[pri:0, instance:com.TestCases.AlertPage_Test@65fb9ffc]" started-at="2022-08-18T14:29:40 IST" name="aClose" finished-at="2022-08-18T14:29:41 IST" duration-ms="928" status="PASS">
          <reporter-output>
          </reporter-output>
        </test-method> <!-- aClose -->
        <test-method is-config="true" signature="setUp()[pri:0, instance:com.TestCases.AlertPage_Test@65fb9ffc]" started-at="2022-08-18T14:29:41 IST" name="setUp" finished-at="2022-08-18T14:30:03 IST" duration-ms="22113" status="PASS">
          <reporter-output>
          </reporter-output>
        </test-method> <!-- setUp -->
        <test-method signature="AlertTest_3()[pri:3, instance:com.TestCases.AlertPage_Test@65fb9ffc]" started-at="2022-08-18T14:30:03 IST" name="AlertTest_3" finished-at="2022-08-18T14:30:31 IST" duration-ms="27675" status="PASS">
          <reporter-output>
          </reporter-output>
        </test-method> <!-- AlertTest_3 -->
        <test-method is-config="true" signature="aClose()[pri:0, instance:com.TestCases.AlertPage_Test@65fb9ffc]" started-at="2022-08-18T14:30:31 IST" name="aClose" finished-at="2022-08-18T14:30:32 IST" duration-ms="1010" status="PASS">
          <reporter-output>
          </reporter-output>
        </test-method> <!-- aClose -->
      </class> <!-- com.TestCases.AlertPage_Test -->
      <class name="com.TestCases.WindowPage_Test">
        <test-method is-config="true" signature="setUp()[pri:0, instance:com.TestCases.WindowPage_Test@6025e1b6]" started-at="2022-08-18T14:30:32 IST" name="setUp" finished-at="2022-08-18T14:30:53 IST" duration-ms="20977" status="PASS">
          <reporter-output>
          </reporter-output>
        </test-method> <!-- setUp -->
        <test-method signature="WindowPage_Test1()[pri:1, instance:com.TestCases.WindowPage_Test@6025e1b6]" started-at="2022-08-18T14:30:53 IST" name="WindowPage_Test1" finished-at="2022-08-18T14:31:31 IST" duration-ms="38049" status="PASS">
          <reporter-output>
          </reporter-output>
        </test-method> <!-- WindowPage_Test1 -->
        <test-method is-config="true" signature="wClose()[pri:0, instance:com.TestCases.WindowPage_Test@6025e1b6]" started-at="2022-08-18T14:31:31 IST" name="wClose" finished-at="2022-08-18T14:31:32 IST" duration-ms="681" status="PASS">
          <reporter-output>
          </reporter-output>
        </test-method> <!-- wClose -->
        <test-method is-config="true" signature="setUp()[pri:0, instance:com.TestCases.WindowPage_Test@6025e1b6]" started-at="2022-08-18T14:31:32 IST" name="setUp" finished-at="2022-08-18T14:31:59 IST" duration-ms="27630" status="PASS">
          <reporter-output>
          </reporter-output>
        </test-method> <!-- setUp -->
        <test-method signature="WindowPage_Test2()[pri:2, instance:com.TestCases.WindowPage_Test@6025e1b6]" started-at="2022-08-18T14:31:59 IST" name="WindowPage_Test2" finished-at="2022-08-18T14:32:14 IST" duration-ms="14557" status="PASS">
          <reporter-output>
          </reporter-output>
        </test-method> <!-- WindowPage_Test2 -->
        <test-method is-config="true" signature="wClose()[pri:0, instance:com.TestCases.WindowPage_Test@6025e1b6]" started-at="2022-08-18T14:32:14 IST" name="wClose" finished-at="2022-08-18T14:32:14 IST" duration-ms="243" status="PASS">
          <reporter-output>
          </reporter-output>
        </test-method> <!-- wClose -->
        <test-method is-config="true" signature="setUp()[pri:0, instance:com.TestCases.WindowPage_Test@6025e1b6]" started-at="2022-08-18T14:32:14 IST" name="setUp" finished-at="2022-08-18T14:32:33 IST" duration-ms="18888" status="PASS">
          <reporter-output>
          </reporter-output>
        </test-method> <!-- setUp -->
        <test-method signature="WindowPage_Test3()[pri:3, instance:com.TestCases.WindowPage_Test@6025e1b6]" started-at="2022-08-18T14:32:33 IST" name="WindowPage_Test3" finished-at="2022-08-18T14:33:12 IST" duration-ms="39078" status="PASS">
          <reporter-output>
          </reporter-output>
        </test-method> <!-- WindowPage_Test3 -->
        <test-method is-config="true" signature="wClose()[pri:0, instance:com.TestCases.WindowPage_Test@6025e1b6]" started-at="2022-08-18T14:33:12 IST" name="wClose" finished-at="2022-08-18T14:33:13 IST" duration-ms="765" status="PASS">
          <reporter-output>
          </reporter-output>
        </test-method> <!-- wClose -->
      </class> <!-- com.TestCases.WindowPage_Test -->
      <class name="com.TestCases.RegisterPage_Test">
        <test-method is-config="true" signature="setUp()[pri:0, instance:com.TestCases.RegisterPage_Test@22ff4249]" started-at="2022-08-18T14:33:16 IST" name="setUp" finished-at="2022-08-18T14:33:35 IST" duration-ms="18991" status="PASS">
          <reporter-output>
          </reporter-output>
        </test-method> <!-- setUp -->
        <test-method signature="RegisterPage_Test1(java.lang.String,java.lang.String,java.lang.String,java.lang.String,java.lang.String,java.lang.String,java.lang.String,java.lang.String,java.lang.String,java.lang.String,java.lang.String,java.lang.String,java.lang.String)[pri:1, instance:com.TestCases.RegisterPage_Test@22ff4249]" started-at="2022-08-18T14:33:35 IST" name="RegisterPage_Test1" data-provider="registrationTest" finished-at="2022-08-18T14:33:39 IST" duration-ms="4152" status="PASS">
          <params>
            <param index="0">
              <value>
                <![CDATA[Shubham]]>
              </value>
            </param>
            <param index="1">
              <value>
                <![CDATA[Kumbhar]]>
              </value>
            </param>
            <param index="2">
              <value>
                <![CDATA[MIDC  Sangli]]>
              </value>
            </param>
            <param index="3">
              <value>
                <![CDATA[shubham@gmail.com]]>
              </value>
            </param>
            <param index="4">
              <value>
                <![CDATA[2147483647]]>
              </value>
            </param>
            <param index="5">
              <value>
                <![CDATA[Hindi]]>
              </value>
            </param>
            <param index="6">
              <value>
                <![CDATA[CSS]]>
              </value>
            </param>
            <param index="7">
              <value>
                <![CDATA[India]]>
              </value>
            </param>
            <param index="8">
              <value>
                <![CDATA[15]]>
              </value>
            </param>
            <param index="9">
              <value>
                <![CDATA[October]]>
              </value>
            </param>
            <param index="10">
              <value>
                <![CDATA[2000]]>
              </value>
            </param>
            <param index="11">
              <value>
                <![CDATA[Pass@123]]>
              </value>
            </param>
            <param index="12">
              <value>
                <![CDATA[Pass@123]]>
              </value>
            </param>
          </params>
          <reporter-output>
          </reporter-output>
        </test-method> <!-- RegisterPage_Test1 -->
        <test-method is-config="true" signature="rOut()[pri:0, instance:com.TestCases.RegisterPage_Test@22ff4249]" started-at="2022-08-18T14:33:39 IST" name="rOut" finished-at="2022-08-18T14:33:40 IST" duration-ms="435" status="PASS">
          <reporter-output>
          </reporter-output>
        </test-method> <!-- rOut -->
        <test-method is-config="true" signature="setUp()[pri:0, instance:com.TestCases.RegisterPage_Test@22ff4249]" started-at="2022-08-18T14:33:40 IST" name="setUp" finished-at="2022-08-18T14:33:55 IST" duration-ms="14957" status="PASS">
          <reporter-output>
          </reporter-output>
        </test-method> <!-- setUp -->
        <test-method signature="RegisterPage_Test2(java.lang.String,java.lang.String,java.lang.String,java.lang.String,java.lang.String,java.lang.String,java.lang.String,java.lang.String,java.lang.String,java.lang.String,java.lang.String,java.lang.String,java.lang.String)[pri:2, instance:com.TestCases.RegisterPage_Test@22ff4249]" started-at="2022-08-18T14:33:55 IST" name="RegisterPage_Test2" data-provider="registrationTest" finished-at="2022-08-18T14:34:24 IST" duration-ms="29160" status="PASS">
          <params>
            <param index="0">
              <value>
                <![CDATA[Shubham]]>
              </value>
            </param>
            <param index="1">
              <value>
                <![CDATA[Kumbhar]]>
              </value>
            </param>
            <param index="2">
              <value>
                <![CDATA[MIDC  Sangli]]>
              </value>
            </param>
            <param index="3">
              <value>
                <![CDATA[shubham@gmail.com]]>
              </value>
            </param>
            <param index="4">
              <value>
                <![CDATA[2147483647]]>
              </value>
            </param>
            <param index="5">
              <value>
                <![CDATA[Hindi]]>
              </value>
            </param>
            <param index="6">
              <value>
                <![CDATA[CSS]]>
              </value>
            </param>
            <param index="7">
              <value>
                <![CDATA[India]]>
              </value>
            </param>
            <param index="8">
              <value>
                <![CDATA[15]]>
              </value>
            </param>
            <param index="9">
              <value>
                <![CDATA[October]]>
              </value>
            </param>
            <param index="10">
              <value>
                <![CDATA[2000]]>
              </value>
            </param>
            <param index="11">
              <value>
                <![CDATA[Pass@123]]>
              </value>
            </param>
            <param index="12">
              <value>
                <![CDATA[Pass@123]]>
              </value>
            </param>
          </params>
          <reporter-output>
          </reporter-output>
        </test-method> <!-- RegisterPage_Test2 -->
        <test-method is-config="true" signature="rOut()[pri:0, instance:com.TestCases.RegisterPage_Test@22ff4249]" started-at="2022-08-18T14:34:24 IST" name="rOut" finished-at="2022-08-18T14:34:25 IST" duration-ms="622" status="PASS">
          <reporter-output>
          </reporter-output>
        </test-method> <!-- rOut -->
      </class> <!-- com.TestCases.RegisterPage_Test -->
      <class name="com.TestCases.SelecttablePage_Test">
        <test-method is-config="true" signature="setUp()[pri:0, instance:com.TestCases.SelecttablePage_Test@327514f]" started-at="2022-08-18T14:37:35 IST" name="setUp" finished-at="2022-08-18T14:37:51 IST" duration-ms="16481" status="PASS">
          <reporter-output>
          </reporter-output>
        </test-method> <!-- setUp -->
        <test-method signature="SelecttablePage_Test1()[pri:1, instance:com.TestCases.SelecttablePage_Test@327514f]" started-at="2022-08-18T14:37:51 IST" name="SelecttablePage_Test1" finished-at="2022-08-18T14:38:03 IST" duration-ms="11466" status="FAIL">
          <exception class="org.openqa.selenium.StaleElementReferenceException">
            <message>
              <![CDATA[stale element reference: element is not attached to the page document
  (Session info: chrome=104.0.5112.81)
For documentation on this error, please visit: https://selenium.dev/exceptions/#stale_element_reference
Build info: version: '4.3.0', revision: 'a4995e2c09*'
System info: host: 'LAPTOP-PEULBGIK', ip: '192.168.43.102', os.name: 'Windows 10', os.arch: 'amd64', os.version: '10.0', java.version: '16.0.1'
Driver info: org.openqa.selenium.chrome.ChromeDriver
Command: [e5c2fa748145c214f26d2888b33064e9, getElementText {id=3c5c4c95-c88c-4f64-93f4-f23bc0ca93d0}]
Capabilities {acceptInsecureCerts: false, browserName: chrome, browserVersion: 104.0.5112.81, chrome: {chromedriverVersion: 104.0.5112.79 (3cf3e8c8a07d..., userDataDir: C:\Users\SHUBHA~1\AppData\L...}, goog:chromeOptions: {debuggerAddress: localhost:58762}, networkConnectionEnabled: false, pageLoadStrategy: normal, platformName: WINDOWS, proxy: Proxy(), se:cdp: ws://localhost:58762/devtoo..., se:cdpVersion: 104.0.5112.81, setWindowRect: true, strictFileInteractability: false, timeouts: {implicit: 0, pageLoad: 300000, script: 30000}, unhandledPromptBehavior: dismiss and notify, webauthn:extension:credBlob: true, webauthn:extension:largeBlob: true, webauthn:virtualAuthenticators: true}
Element: [[ChromeDriver: chrome on WINDOWS (e5c2fa748145c214f26d2888b33064e9)] -> tag name: li]
Session ID: e5c2fa748145c214f26d2888b33064e9]]>
            </message>
            <full-stacktrace>
              <![CDATA[org.openqa.selenium.StaleElementReferenceException: stale element reference: element is not attached to the page document
  (Session info: chrome=104.0.5112.81)
For documentation on this error, please visit: https://selenium.dev/exceptions/#stale_element_reference
Build info: version: '4.3.0', revision: 'a4995e2c09*'
System info: host: 'LAPTOP-PEULBGIK', ip: '192.168.43.102', os.name: 'Windows 10', os.arch: 'amd64', os.version: '10.0', java.version: '16.0.1'
Driver info: org.openqa.selenium.chrome.ChromeDriver
Command: [e5c2fa748145c214f26d2888b33064e9, getElementText {id=3c5c4c95-c88c-4f64-93f4-f23bc0ca93d0}]
Capabilities {acceptInsecureCerts: false, browserName: chrome, browserVersion: 104.0.5112.81, chrome: {chromedriverVersion: 104.0.5112.79 (3cf3e8c8a07d..., userDataDir: C:\Users\SHUBHA~1\AppData\L...}, goog:chromeOptions: {debuggerAddress: localhost:58762}, networkConnectionEnabled: false, pageLoadStrategy: normal, platformName: WINDOWS, proxy: Proxy(), se:cdp: ws://localhost:58762/devtoo..., se:cdpVersion: 104.0.5112.81, setWindowRect: true, strictFileInteractability: false, timeouts: {implicit: 0, pageLoad: 300000, script: 30000}, unhandledPromptBehavior: dismiss and notify, webauthn:extension:credBlob: true, webauthn:extension:largeBlob: true, webauthn:virtualAuthenticators: true}
Element: [[ChromeDriver: chrome on WINDOWS (e5c2fa748145c214f26d2888b33064e9)] -> tag name: li]
Session ID: e5c2fa748145c214f26d2888b33064e9
at java.base/jdk.internal.reflect.NativeConstructorAccessorImpl.newInstance0(Native Method)
at java.base/jdk.internal.reflect.NativeConstructorAccessorImpl.newInstance(NativeConstructorAccessorImpl.java:78)
at java.base/jdk.internal.reflect.DelegatingConstructorAccessorImpl.newInstance(DelegatingConstructorAccessorImpl.java:45)
at java.base/java.lang.reflect.Constructor.newInstanceWithCaller(Constructor.java:499)
at java.base/java.lang.reflect.Constructor.newInstance(Constructor.java:480)
at org.openqa.selenium.remote.codec.w3c.W3CHttpResponseCodec.createException(W3CHttpResponseCodec.java:200)
at org.openqa.selenium.remote.codec.w3c.W3CHttpResponseCodec.decode(W3CHttpResponseCodec.java:133)
at org.openqa.selenium.remote.codec.w3c.W3CHttpResponseCodec.decode(W3CHttpResponseCodec.java:53)
at org.openqa.selenium.remote.HttpCommandExecutor.execute(HttpCommandExecutor.java:184)
at org.openqa.selenium.remote.service.DriverCommandExecutor.invokeExecute(DriverCommandExecutor.java:167)
at org.openqa.selenium.remote.service.DriverCommandExecutor.execute(DriverCommandExecutor.java:142)
at org.openqa.selenium.remote.RemoteWebDriver.execute(RemoteWebDriver.java:569)
at org.openqa.selenium.remote.RemoteWebElement.execute(RemoteWebElement.java:257)
at org.openqa.selenium.remote.RemoteWebElement.getText(RemoteWebElement.java:207)
at com.TestCases.SelecttablePage_Test.SelecttablePage_Test1(SelecttablePage_Test.java:38)
at java.base/jdk.internal.reflect.NativeMethodAccessorImpl.invoke0(Native Method)
at java.base/jdk.internal.reflect.NativeMethodAccessorImpl.invoke(NativeMethodAccessorImpl.java:78)
at java.base/jdk.internal.reflect.DelegatingMethodAccessorImpl.invoke(DelegatingMethodAccessorImpl.java:43)
at java.base/java.lang.reflect.Method.invoke(Method.java:567)
at org.testng.internal.invokers.MethodInvocationHelper.invokeMethod(MethodInvocationHelper.java:135)
at org.testng.internal.invokers.TestInvoker.invokeMethod(TestInvoker.java:673)
at org.testng.internal.invokers.TestInvoker.invokeTestMethod(TestInvoker.java:220)
at org.testng.internal.invokers.MethodRunner.runInSequence(MethodRunner.java:50)
at org.testng.internal.invokers.TestInvoker$MethodInvocationAgent.invoke(TestInvoker.java:945)
at org.testng.internal.invokers.TestInvoker.invokeTestMethods(TestInvoker.java:193)
at org.testng.internal.invokers.TestMethodWorker.invokeTestMethods(TestMethodWorker.java:146)
at org.testng.internal.invokers.TestMethodWorker.run(TestMethodWorker.java:128)
at java.base/java.util.ArrayList.forEach(ArrayList.java:1511)
at org.testng.TestRunner.privateRun(TestRunner.java:808)
at org.testng.TestRunner.run(TestRunner.java:603)
at org.testng.SuiteRunner.runTest(SuiteRunner.java:429)
at org.testng.SuiteRunner.runSequentially(SuiteRunner.java:423)
at org.testng.SuiteRunner.privateRun(SuiteRunner.java:383)
at org.testng.SuiteRunner.run(SuiteRunner.java:326)
at org.testng.SuiteRunnerWorker.runSuite(SuiteRunnerWorker.java:52)
at org.testng.SuiteRunnerWorker.run(SuiteRunnerWorker.java:95)
at org.testng.TestNG.runSuitesSequentially(TestNG.java:1249)
at org.testng.TestNG.runSuitesLocally(TestNG.java:1169)
at org.testng.TestNG.runSuites(TestNG.java:1092)
at org.testng.TestNG.run(TestNG.java:1060)
at org.testng.remote.AbstractRemoteTestNG.run(AbstractRemoteTestNG.java:115)
at org.testng.remote.RemoteTestNG.initAndRun(RemoteTestNG.java:251)
at org.testng.remote.RemoteTestNG.main(RemoteTestNG.java:77)
]]>
            </full-stacktrace>
          </exception> <!-- org.openqa.selenium.StaleElementReferenceException -->
          <reporter-output>
          </reporter-output>
        </test-method> <!-- SelecttablePage_Test1 -->
        <test-method is-config="true" signature="sEnd()[pri:0, instance:com.TestCases.SelecttablePage_Test@327514f]" started-at="2022-08-18T14:38:03 IST" name="sEnd" finished-at="2022-08-18T14:38:03 IST" duration-ms="776" status="PASS">
          <reporter-output>
          </reporter-output>
        </test-method> <!-- sEnd -->
        <test-method is-config="true" signature="setUp()[pri:0, instance:com.TestCases.SelecttablePage_Test@327514f]" started-at="2022-08-18T14:38:03 IST" name="setUp" finished-at="2022-08-18T14:39:30 IST" duration-ms="86813" status="FAIL">
          <exception class="org.openqa.selenium.TimeoutException">
            <message>
              <![CDATA[timeout: Timed out receiving message from renderer: 60.000
  (Session info: chrome=104.0.5112.81)
Build info: version: '4.3.0', revision: 'a4995e2c09*'
System info: host: 'LAPTOP-PEULBGIK', ip: '192.168.43.102', os.name: 'Windows 10', os.arch: 'amd64', os.version: '10.0', java.version: '16.0.1'
Driver info: org.openqa.selenium.chrome.ChromeDriver
Command: [7cf53b1d6d8f4402d15ce0dd71eb06f2, clickElement {id=8272ad43-21c2-4e35-9c2c-51c515eca89c}]
Capabilities {acceptInsecureCerts: false, browserName: chrome, browserVersion: 104.0.5112.81, chrome: {chromedriverVersion: 104.0.5112.79 (3cf3e8c8a07d..., userDataDir: C:\Users\SHUBHA~1\AppData\L...}, goog:chromeOptions: {debuggerAddress: localhost:58959}, networkConnectionEnabled: false, pageLoadStrategy: normal, platformName: WINDOWS, proxy: Proxy(), se:cdp: ws://localhost:58959/devtoo..., se:cdpVersion: 104.0.5112.81, setWindowRect: true, strictFileInteractability: false, timeouts: {implicit: 0, pageLoad: 300000, script: 30000}, unhandledPromptBehavior: dismiss and notify, webauthn:extension:credBlob: true, webauthn:extension:largeBlob: true, webauthn:virtualAuthenticators: true}
Element: [[ChromeDriver: chrome on WINDOWS (7cf53b1d6d8f4402d15ce0dd71eb06f2)] -> link text: Selectable]
Session ID: 7cf53b1d6d8f4402d15ce0dd71eb06f2]]>
            </message>
            <full-stacktrace>
              <![CDATA[org.openqa.selenium.TimeoutException: timeout: Timed out receiving message from renderer: 60.000
  (Session info: chrome=104.0.5112.81)
Build info: version: '4.3.0', revision: 'a4995e2c09*'
System info: host: 'LAPTOP-PEULBGIK', ip: '192.168.43.102', os.name: 'Windows 10', os.arch: 'amd64', os.version: '10.0', java.version: '16.0.1'
Driver info: org.openqa.selenium.chrome.ChromeDriver
Command: [7cf53b1d6d8f4402d15ce0dd71eb06f2, clickElement {id=8272ad43-21c2-4e35-9c2c-51c515eca89c}]
Capabilities {acceptInsecureCerts: false, browserName: chrome, browserVersion: 104.0.5112.81, chrome: {chromedriverVersion: 104.0.5112.79 (3cf3e8c8a07d..., userDataDir: C:\Users\SHUBHA~1\AppData\L...}, goog:chromeOptions: {debuggerAddress: localhost:58959}, networkConnectionEnabled: false, pageLoadStrategy: normal, platformName: WINDOWS, proxy: Proxy(), se:cdp: ws://localhost:58959/devtoo..., se:cdpVersion: 104.0.5112.81, setWindowRect: true, strictFileInteractability: false, timeouts: {implicit: 0, pageLoad: 300000, script: 30000}, unhandledPromptBehavior: dismiss and notify, webauthn:extension:credBlob: true, webauthn:extension:largeBlob: true, webauthn:virtualAuthenticators: true}
Element: [[ChromeDriver: chrome on WINDOWS (7cf53b1d6d8f4402d15ce0dd71eb06f2)] -> link text: Selectable]
Session ID: 7cf53b1d6d8f4402d15ce0dd71eb06f2
at java.base/jdk.internal.reflect.NativeConstructorAccessorImpl.newInstance0(Native Method)
at java.base/jdk.internal.reflect.NativeConstructorAccessorImpl.newInstance(NativeConstructorAccessorImpl.java:78)
at java.base/jdk.internal.reflect.DelegatingConstructorAccessorImpl.newInstance(DelegatingConstructorAccessorImpl.java:45)
at java.base/java.lang.reflect.Constructor.newInstanceWithCaller(Constructor.java:499)
at java.base/java.lang.reflect.Constructor.newInstance(Constructor.java:480)
at org.openqa.selenium.remote.codec.w3c.W3CHttpResponseCodec.createException(W3CHttpResponseCodec.java:200)
at org.openqa.selenium.remote.codec.w3c.W3CHttpResponseCodec.decode(W3CHttpResponseCodec.java:133)
at org.openqa.selenium.remote.codec.w3c.W3CHttpResponseCodec.decode(W3CHttpResponseCodec.java:53)
at org.openqa.selenium.remote.HttpCommandExecutor.execute(HttpCommandExecutor.java:184)
at org.openqa.selenium.remote.service.DriverCommandExecutor.invokeExecute(DriverCommandExecutor.java:167)
at org.openqa.selenium.remote.service.DriverCommandExecutor.execute(DriverCommandExecutor.java:142)
at org.openqa.selenium.remote.RemoteWebDriver.execute(RemoteWebDriver.java:569)
at org.openqa.selenium.remote.RemoteWebElement.execute(RemoteWebElement.java:257)
at org.openqa.selenium.remote.RemoteWebElement.click(RemoteWebElement.java:78)
at com.TestCases.SelecttablePage_Test.setUp(SelecttablePage_Test.java:29)
at java.base/jdk.internal.reflect.NativeMethodAccessorImpl.invoke0(Native Method)
at java.base/jdk.internal.reflect.NativeMethodAccessorImpl.invoke(NativeMethodAccessorImpl.java:78)
at java.base/jdk.internal.reflect.DelegatingMethodAccessorImpl.invoke(DelegatingMethodAccessorImpl.java:43)
at java.base/java.lang.reflect.Method.invoke(Method.java:567)
at org.testng.internal.invokers.MethodInvocationHelper.invokeMethod(MethodInvocationHelper.java:135)
at org.testng.internal.invokers.MethodInvocationHelper.invokeMethodConsideringTimeout(MethodInvocationHelper.java:65)
at org.testng.internal.invokers.ConfigInvoker.invokeConfigurationMethod(ConfigInvoker.java:381)
at org.testng.internal.invokers.ConfigInvoker.invokeConfigurations(ConfigInvoker.java:319)
at org.testng.internal.invokers.TestInvoker.runConfigMethods(TestInvoker.java:803)
at org.testng.internal.invokers.TestInvoker.invokeMethod(TestInvoker.java:589)
at org.testng.internal.invokers.TestInvoker.invokeTestMethod(TestInvoker.java:220)
at org.testng.internal.invokers.MethodRunner.runInSequence(MethodRunner.java:50)
at org.testng.internal.invokers.TestInvoker$MethodInvocationAgent.invoke(TestInvoker.java:945)
at org.testng.internal.invokers.TestInvoker.invokeTestMethods(TestInvoker.java:193)
at org.testng.internal.invokers.TestMethodWorker.invokeTestMethods(TestMethodWorker.java:146)
at org.testng.internal.invokers.TestMethodWorker.run(TestMethodWorker.java:128)
at java.base/java.util.ArrayList.forEach(ArrayList.java:1511)
at org.testng.TestRunner.privateRun(TestRunner.java:808)
at org.testng.TestRunner.run(TestRunner.java:603)
at org.testng.SuiteRunner.runTest(SuiteRunner.java:429)
at org.testng.SuiteRunner.runSequentially(SuiteRunner.java:423)
at org.testng.SuiteRunner.privateRun(SuiteRunner.java:383)
at org.testng.SuiteRunner.run(SuiteRunner.java:326)
at org.testng.SuiteRunnerWorker.runSuite(SuiteRunnerWorker.java:52)
at org.testng.SuiteRunnerWorker.run(SuiteRunnerWorker.java:95)
at org.testng.TestNG.runSuitesSequentially(TestNG.java:1249)
at org.testng.TestNG.runSuitesLocally(TestNG.java:1169)
at org.testng.TestNG.runSuites(TestNG.java:1092)
at org.testng.TestNG.run(TestNG.java:1060)
at org.testng.remote.AbstractRemoteTestNG.run(AbstractRemoteTestNG.java:115)
at org.testng.remote.RemoteTestNG.initAndRun(RemoteTestNG.java:251)
at org.testng.remote.RemoteTestNG.main(RemoteTestNG.java:77)
]]>
            </full-stacktrace>
          </exception> <!-- org.openqa.selenium.TimeoutException -->
          <reporter-output>
          </reporter-output>
        </test-method> <!-- setUp -->
        <test-method signature="SelecttablePage_Test2()[pri:2, instance:com.TestCases.SelecttablePage_Test@327514f]" started-at="2022-08-18T14:39:30 IST" name="SelecttablePage_Test2" finished-at="2022-08-18T14:39:30 IST" duration-ms="0" status="SKIP">
          <exception class="org.openqa.selenium.TimeoutException">
            <message>
              <![CDATA[timeout: Timed out receiving message from renderer: 60.000
  (Session info: chrome=104.0.5112.81)
Build info: version: '4.3.0', revision: 'a4995e2c09*'
System info: host: 'LAPTOP-PEULBGIK', ip: '192.168.43.102', os.name: 'Windows 10', os.arch: 'amd64', os.version: '10.0', java.version: '16.0.1'
Driver info: org.openqa.selenium.chrome.ChromeDriver
Command: [7cf53b1d6d8f4402d15ce0dd71eb06f2, clickElement {id=8272ad43-21c2-4e35-9c2c-51c515eca89c}]
Capabilities {acceptInsecureCerts: false, browserName: chrome, browserVersion: 104.0.5112.81, chrome: {chromedriverVersion: 104.0.5112.79 (3cf3e8c8a07d..., userDataDir: C:\Users\SHUBHA~1\AppData\L...}, goog:chromeOptions: {debuggerAddress: localhost:58959}, networkConnectionEnabled: false, pageLoadStrategy: normal, platformName: WINDOWS, proxy: Proxy(), se:cdp: ws://localhost:58959/devtoo..., se:cdpVersion: 104.0.5112.81, setWindowRect: true, strictFileInteractability: false, timeouts: {implicit: 0, pageLoad: 300000, script: 30000}, unhandledPromptBehavior: dismiss and notify, webauthn:extension:credBlob: true, webauthn:extension:largeBlob: true, webauthn:virtualAuthenticators: true}
Element: [[ChromeDriver: chrome on WINDOWS (7cf53b1d6d8f4402d15ce0dd71eb06f2)] -> link text: Selectable]
Session ID: 7cf53b1d6d8f4402d15ce0dd71eb06f2]]>
            </message>
            <full-stacktrace>
              <![CDATA[org.openqa.selenium.TimeoutException: timeout: Timed out receiving message from renderer: 60.000
  (Session info: chrome=104.0.5112.81)
Build info: version: '4.3.0', revision: 'a4995e2c09*'
System info: host: 'LAPTOP-PEULBGIK', ip: '192.168.43.102', os.name: 'Windows 10', os.arch: 'amd64', os.version: '10.0', java.version: '16.0.1'
Driver info: org.openqa.selenium.chrome.ChromeDriver
Command: [7cf53b1d6d8f4402d15ce0dd71eb06f2, clickElement {id=8272ad43-21c2-4e35-9c2c-51c515eca89c}]
Capabilities {acceptInsecureCerts: false, browserName: chrome, browserVersion: 104.0.5112.81, chrome: {chromedriverVersion: 104.0.5112.79 (3cf3e8c8a07d..., userDataDir: C:\Users\SHUBHA~1\AppData\L...}, goog:chromeOptions: {debuggerAddress: localhost:58959}, networkConnectionEnabled: false, pageLoadStrategy: normal, platformName: WINDOWS, proxy: Proxy(), se:cdp: ws://localhost:58959/devtoo..., se:cdpVersion: 104.0.5112.81, setWindowRect: true, strictFileInteractability: false, timeouts: {implicit: 0, pageLoad: 300000, script: 30000}, unhandledPromptBehavior: dismiss and notify, webauthn:extension:credBlob: true, webauthn:extension:largeBlob: true, webauthn:virtualAuthenticators: true}
Element: [[ChromeDriver: chrome on WINDOWS (7cf53b1d6d8f4402d15ce0dd71eb06f2)] -> link text: Selectable]
Session ID: 7cf53b1d6d8f4402d15ce0dd71eb06f2
at java.base/jdk.internal.reflect.NativeConstructorAccessorImpl.newInstance0(Native Method)
at java.base/jdk.internal.reflect.NativeConstructorAccessorImpl.newInstance(NativeConstructorAccessorImpl.java:78)
at java.base/jdk.internal.reflect.DelegatingConstructorAccessorImpl.newInstance(DelegatingConstructorAccessorImpl.java:45)
at java.base/java.lang.reflect.Constructor.newInstanceWithCaller(Constructor.java:499)
at java.base/java.lang.reflect.Constructor.newInstance(Constructor.java:480)
at org.openqa.selenium.remote.codec.w3c.W3CHttpResponseCodec.createException(W3CHttpResponseCodec.java:200)
at org.openqa.selenium.remote.codec.w3c.W3CHttpResponseCodec.decode(W3CHttpResponseCodec.java:133)
at org.openqa.selenium.remote.codec.w3c.W3CHttpResponseCodec.decode(W3CHttpResponseCodec.java:53)
at org.openqa.selenium.remote.HttpCommandExecutor.execute(HttpCommandExecutor.java:184)
at org.openqa.selenium.remote.service.DriverCommandExecutor.invokeExecute(DriverCommandExecutor.java:167)
at org.openqa.selenium.remote.service.DriverCommandExecutor.execute(DriverCommandExecutor.java:142)
at org.openqa.selenium.remote.RemoteWebDriver.execute(RemoteWebDriver.java:569)
at org.openqa.selenium.remote.RemoteWebElement.execute(RemoteWebElement.java:257)
at org.openqa.selenium.remote.RemoteWebElement.click(RemoteWebElement.java:78)
at com.TestCases.SelecttablePage_Test.setUp(SelecttablePage_Test.java:29)
at java.base/jdk.internal.reflect.NativeMethodAccessorImpl.invoke0(Native Method)
at java.base/jdk.internal.reflect.NativeMethodAccessorImpl.invoke(NativeMethodAccessorImpl.java:78)
at java.base/jdk.internal.reflect.DelegatingMethodAccessorImpl.invoke(DelegatingMethodAccessorImpl.java:43)
at java.base/java.lang.reflect.Method.invoke(Method.java:567)
at org.testng.internal.invokers.MethodInvocationHelper.invokeMethod(MethodInvocationHelper.java:135)
at org.testng.internal.invokers.MethodInvocationHelper.invokeMethodConsideringTimeout(MethodInvocationHelper.java:65)
at org.testng.internal.invokers.ConfigInvoker.invokeConfigurationMethod(ConfigInvoker.java:381)
at org.testng.internal.invokers.ConfigInvoker.invokeConfigurations(ConfigInvoker.java:319)
at org.testng.internal.invokers.TestInvoker.runConfigMethods(TestInvoker.java:803)
at org.testng.internal.invokers.TestInvoker.invokeMethod(TestInvoker.java:589)
at org.testng.internal.invokers.TestInvoker.invokeTestMethod(TestInvoker.java:220)
at org.testng.internal.invokers.MethodRunner.runInSequence(MethodRunner.java:50)
at org.testng.internal.invokers.TestInvoker$MethodInvocationAgent.invoke(TestInvoker.java:945)
at org.testng.internal.invokers.TestInvoker.invokeTestMethods(TestInvoker.java:193)
at org.testng.internal.invokers.TestMethodWorker.invokeTestMethods(TestMethodWorker.java:146)
at org.testng.internal.invokers.TestMethodWorker.run(TestMethodWorker.java:128)
at java.base/java.util.ArrayList.forEach(ArrayList.java:1511)
at org.testng.TestRunner.privateRun(TestRunner.java:808)
at org.testng.TestRunner.run(TestRunner.java:603)
at org.testng.SuiteRunner.runTest(SuiteRunner.java:429)
at org.testng.SuiteRunner.runSequentially(SuiteRunner.java:423)
at org.testng.SuiteRunner.privateRun(SuiteRunner.java:383)
at org.testng.SuiteRunner.run(SuiteRunner.java:326)
at org.testng.SuiteRunnerWorker.runSuite(SuiteRunnerWorker.java:52)
at org.testng.SuiteRunnerWorker.run(SuiteRunnerWorker.java:95)
at org.testng.TestNG.runSuitesSequentially(TestNG.java:1249)
at org.testng.TestNG.runSuitesLocally(TestNG.java:1169)
at org.testng.TestNG.runSuites(TestNG.java:1092)
at org.testng.TestNG.run(TestNG.java:1060)
at org.testng.remote.AbstractRemoteTestNG.run(AbstractRemoteTestNG.java:115)
at org.testng.remote.RemoteTestNG.initAndRun(RemoteTestNG.java:251)
at org.testng.remote.RemoteTestNG.main(RemoteTestNG.java:77)
]]>
            </full-stacktrace>
          </exception> <!-- org.openqa.selenium.TimeoutException -->
          <reporter-output>
          </reporter-output>
        </test-method> <!-- SelecttablePage_Test2 -->
        <test-method is-config="true" signature="sEnd()[pri:0, instance:com.TestCases.SelecttablePage_Test@327514f]" started-at="2022-08-18T14:39:30 IST" name="sEnd" finished-at="2022-08-18T14:39:30 IST" duration-ms="0" status="SKIP">
          <reporter-output>
          </reporter-output>
        </test-method> <!-- sEnd -->
      </class> <!-- com.TestCases.SelecttablePage_Test -->
      <class name="com.TestCases.DatepickerPage_Test">
        <test-method is-config="true" signature="setUp()[pri:0, instance:com.TestCases.DatepickerPage_Test@2d1ef81a]" started-at="2022-08-18T14:34:25 IST" name="setUp" finished-at="2022-08-18T14:35:25 IST" duration-ms="59825" status="PASS">
          <reporter-output>
          </reporter-output>
        </test-method> <!-- setUp -->
        <test-method signature="DatepickerPage_Test1()[pri:1, instance:com.TestCases.DatepickerPage_Test@2d1ef81a]" started-at="2022-08-18T14:35:25 IST" name="DatepickerPage_Test1" finished-at="2022-08-18T14:35:28 IST" duration-ms="3760" status="PASS">
          <reporter-output>
          </reporter-output>
        </test-method> <!-- DatepickerPage_Test1 -->
        <test-method is-config="true" signature="dClose()[pri:0, instance:com.TestCases.DatepickerPage_Test@2d1ef81a]" started-at="2022-08-18T14:35:28 IST" name="dClose" finished-at="2022-08-18T14:35:29 IST" duration-ms="734" status="PASS">
          <reporter-output>
          </reporter-output>
        </test-method> <!-- dClose -->
        <test-method is-config="true" signature="setUp()[pri:0, instance:com.TestCases.DatepickerPage_Test@2d1ef81a]" started-at="2022-08-18T14:35:29 IST" name="setUp" finished-at="2022-08-18T14:36:56 IST" duration-ms="86397" status="PASS">
          <reporter-output>
          </reporter-output>
        </test-method> <!-- setUp -->
        <test-method signature="DatepickerPage_Test2()[pri:2, instance:com.TestCases.DatepickerPage_Test@2d1ef81a]" started-at="2022-08-18T14:36:56 IST" name="DatepickerPage_Test2" finished-at="2022-08-18T14:36:59 IST" duration-ms="2964" status="PASS">
          <reporter-output>
          </reporter-output>
        </test-method> <!-- DatepickerPage_Test2 -->
        <test-method is-config="true" signature="dClose()[pri:0, instance:com.TestCases.DatepickerPage_Test@2d1ef81a]" started-at="2022-08-18T14:36:59 IST" name="dClose" finished-at="2022-08-18T14:36:59 IST" duration-ms="763" status="PASS">
          <reporter-output>
          </reporter-output>
        </test-method> <!-- dClose -->
      </class> <!-- com.TestCases.DatepickerPage_Test -->
    </test> <!-- Default test -->
  </suite> <!-- Default suite -->
</testng-results>
